::1 - - [07/Dec/2016:11:16:15 -0500] "GET / HTTP/1.1" 200 804
::1 - - [07/Dec/2016:11:16:15 -0500] "GET /ionic/js/ionic.bundle.js HTTP/1.1" 200 2473554
::1 - - [07/Dec/2016:11:16:16 -0500] "GET /favicon.ico HTTP/1.1" 404 209
::1 - - [07/Dec/2016:12:13:51 -0500] "GET /phpmyadmin HTTP/1.1" 301 241
::1 - - [07/Dec/2016:12:13:51 -0500] "GET /phpmyadmin/ HTTP/1.1" 200 7997
::1 - - [07/Dec/2016:12:13:53 -0500] "GET /phpmyadmin/themes/pmahomme/jquery/jquery-ui-1.9.2.custom.css HTTP/1.1" 200 32278
::1 - - [07/Dec/2016:12:13:53 -0500] "GET /phpmyadmin/phpmyadmin.css.php?server=1&token=2887550014f22d1d607beac03d2bd986&nocache=4125195912ltr HTTP/1.1" 200 88608
::1 - - [07/Dec/2016:12:13:53 -0500] "GET /phpmyadmin/js/get_scripts.js.php?scripts[]=jquery/jquery-1.8.3.js&scripts[]=ajax.js&scripts[]=keyhandler.js&scripts[]=jquery/jquery-ui-1.9.2.custom.js&scripts[]=jquery/jquery.sprintf.js&scripts[]=jquery/jquery.cookie.js&scripts[]=jquery/jquery.mousewheel.js&scripts[]=jquery/jquery.event.drag-2.2.js&scripts[]=jquery/jquery-ui-timepicker-addon.js&scripts[]=jquery/jquery.ba-hashchange-1.3.js&scripts[]=jquery/jquery.debounce-1.0.5.js&scripts[]=jquery/jquery.menuResizer-1.0.js&scripts[]=rte.js&scripts[]=functions.js&scripts[]=navigation.js&scripts[]=indexes.js&scripts[]=common.js&scripts[]=codemirror/lib/codemirror.js&scripts[]=codemirror/mode/mysql/mysql.js HTTP/1.1" 200 578562
::1 - - [07/Dec/2016:12:13:53 -0500] "GET /phpmyadmin/js/get_image.js.php?theme=pmahomme HTTP/1.1" 200 6263
::1 - - [07/Dec/2016:12:13:53 -0500] "GET /phpmyadmin/themes/pmahomme/img/logo_right.png HTTP/1.1" 200 4548
::1 - - [07/Dec/2016:12:13:53 -0500] "GET /phpmyadmin/themes/dot.gif HTTP/1.1" 200 43
::1 - - [07/Dec/2016:12:13:53 -0500] "GET /phpmyadmin/js/messages.php?lang=es&db=&server=0&token=070235154e70b82dc5edac881534c2f8 HTTP/1.1" 200 18333
::1 - - [07/Dec/2016:12:13:53 -0500] "GET /phpmyadmin/themes/pmahomme/img/sprites.png HTTP/1.1" 200 61899
::1 - - [07/Dec/2016:12:21:51 -0500] "POST /phpmyadmin/index.php HTTP/1.1" 302 -
::1 - - [07/Dec/2016:12:21:51 -0500] "GET /phpmyadmin/index.php?token=2887550014f22d1d607beac03d2bd986 HTTP/1.1" 200 48314
::1 - - [07/Dec/2016:12:21:52 -0500] "GET /phpmyadmin/phpmyadmin.css.php?server=1&token=2887550014f22d1d607beac03d2bd986&nocache=5606327224ltr HTTP/1.1" 200 88608
::1 - - [07/Dec/2016:12:21:52 -0500] "GET /phpmyadmin/themes/pmahomme/img/logo_left.png HTTP/1.1" 200 2327
::1 - - [07/Dec/2016:12:21:52 -0500] "GET /phpmyadmin/themes/pmahomme/img/ajax_clock_small.gif HTTP/1.1" 200 1810
::1 - - [07/Dec/2016:12:21:52 -0500] "GET /phpmyadmin/js/messages.php?lang=es&db=&server=0&token=2887550014f22d1d607beac03d2bd986 HTTP/1.1" 200 18333
::1 - - [07/Dec/2016:12:21:52 -0500] "GET /phpmyadmin/themes/pmahomme/img/left_nav_bg.png HTTP/1.1" 200 297
::1 - - [07/Dec/2016:12:21:52 -0500] "GET /phpmyadmin/favicon.ico HTTP/1.1" 200 18902
::1 - - [07/Dec/2016:12:21:52 -0500] "GET /phpmyadmin/version_check.php?&_nocache=1481131312742289221 HTTP/1.1" 200 41
::1 - - [07/Dec/2016:12:29:58 -0500] "GET /miservicio.php HTTP/1.1" 200 205
::1 - - [07/Dec/2016:12:30:22 -0500] "GET /miservicio.php HTTP/1.1" 200 205
::1 - - [07/Dec/2016:12:30:49 -0500] "GET /miservicio.php HTTP/1.1" 200 29
